#
# There is insufficient memory for the Java Runtime Environment to continue.
# Native memory allocation (mmap) failed to map 65536 bytes. Error detail: Failed to commit metaspace.
# Possible reasons:
#   The system is out of physical RAM or swap space
#   This process is running with CompressedOops enabled, and the Java Heap may be blocking the growth of the native heap
# Possible solutions:
#   Reduce memory load on the system
#   Increase physical memory or swap space
#   Check if swap backing store is full
#   Decrease Java heap size (-Xmx/-Xms)
#   Decrease number of Java threads
#   Decrease Java thread stack sizes (-Xss)
#   Set larger code cache with -XX:ReservedCodeCacheSize=
#   JVM is running with Unscaled Compressed Oops mode in which the Java heap is
#     placed in the first 4GB address space. The Java Heap base address is the
#     maximum limit for the native heap growth. Please use -XX:HeapBaseMinAddress
#     to set the Java Heap base and to place the Java Heap above 4GB virtual address.
# This output file may be truncated or incomplete.
#
#  Out of Memory Error (virtualSpaceNode.cpp:110), pid=9992, tid=5760
#
# JRE version: OpenJDK Runtime Environment (17.0.11) (build 17.0.11+0--11852314)
# Java VM: OpenJDK 64-Bit Server VM (17.0.11+0--11852314, mixed mode, tiered, compressed oops, compressed class ptrs, g1 gc, windows-amd64)
# No core dump will be written. Minidumps are not enabled by default on client versions of Windows
#

---------------  S U M M A R Y ------------

Command Line: git4idea.http.GitAskPassApp Username for 'https://github.com': 

Host: AMD Ryzen 5 5500U with Radeon Graphics         , 12 cores, 5G,  Windows 11 , 64 bit Build 22621 (10.0.22621.3958)
Time: Sat Aug 17 18:56:03 2024 E. Africa Standard Time elapsed time: 0.147369 seconds (0d 0h 0m 0s)

---------------  T H R E A D  ---------------

Current thread (0x00000271f225dbf0):  JavaThread "main" [_thread_in_vm, id=5760, stack(0x000000da61f00000,0x000000da62000000)]

Stack: [0x000000da61f00000,0x000000da62000000]
Native frames: (J=compiled Java code, j=interpreted, Vv=VM code, C=native code)
V  [jvm.dll+0x687bb9]
V  [jvm.dll+0x84142a]
V  [jvm.dll+0x8430ae]
V  [jvm.dll+0x843713]
V  [jvm.dll+0x24a35f]
V  [jvm.dll+0x83c2bb]
V  [jvm.dll+0x62c046]
V  [jvm.dll+0x1c2bde]
V  [jvm.dll+0x62e9a1]
V  [jvm.dll+0x62c9e6]
V  [jvm.dll+0x23df6f]
V  [jvm.dll+0x636875]
V  [jvm.dll+0x1ecefb]
V  [jvm.dll+0x1ed435]
V  [jvm.dll+0x1eddd5]
V  [jvm.dll+0x1e328c]
V  [jvm.dll+0x54c5bc]
V  [jvm.dll+0x1f3e0b]
V  [jvm.dll+0x7b99bb]
V  [jvm.dll+0x7bae29]
V  [jvm.dll+0x7bb178]
V  [jvm.dll+0x241d8e]
V  [jvm.dll+0x38624e]
C  0x000002718754b745

The last pc belongs to new (printed below).
Java frames: (J=compiled Java code, j=interpreted, Vv=VM code)
j  jdk.internal.org.objectweb.asm.MethodWriter.<init>(Ljdk/internal/org/objectweb/asm/SymbolTable;ILjava/lang/String;Ljava/lang/String;Ljava/lang/String;[Ljava/lang/String;I)V+213 java.base@17.0.11
j  jdk.internal.org.objectweb.asm.ClassWriter.visitMethod(ILjava/lang/String;Ljava/lang/String;Ljava/lang/String;[Ljava/lang/String;)Ljdk/internal/org/objectweb/asm/MethodVisitor;+19 java.base@17.0.11
j  java.lang.invoke.InnerClassLambdaMetafactory.generateConstructor()V+17 java.base@17.0.11
j  java.lang.invoke.InnerClassLambdaMetafactory.generateInnerClass()Ljava/lang/Class;+260 java.base@17.0.11
j  java.lang.invoke.InnerClassLambdaMetafactory.spinInnerClass()Ljava/lang/Class;+114 java.base@17.0.11
j  java.lang.invoke.InnerClassLambdaMetafactory.buildCallSite()Ljava/lang/invoke/CallSite;+1 java.base@17.0.11
j  java.lang.invoke.LambdaMetafactory.metafactory(Ljava/lang/invoke/MethodHandles$Lookup;Ljava/lang/String;Ljava/lang/invoke/MethodType;Ljava/lang/invoke/MethodType;Ljava/lang/invoke/MethodHandle;Ljava/lang/invoke/MethodType;)Ljava/lang/invoke/CallSite;+67 java.base@17.0.11
j  java.lang.invoke.DirectMethodHandle$Holder.invokeStatic(Ljava/lang/Object;Ljava/lang/Object;Ljava/lang/Object;Ljava/lang/Object;Ljava/lang/Object;Ljava/lang/Object;Ljava/lang/Object;)Ljava/lang/Object;+20 java.base@17.0.11
j  java.lang.invoke.Invokers$Holder.invokeExact_MT(Ljava/lang/Object;Ljava/lang/Object;Ljava/lang/Object;Ljava/lang/Object;Ljava/lang/Object;Ljava/lang/Object;Ljava/lang/Object;Ljava/lang/Object;)Ljava/lang/Object;+28 java.base@17.0.11
j  java.lang.invoke.BootstrapMethodInvoker.invoke(Ljava/lang/Class;Ljava/lang/invoke/MethodHandle;Ljava/lang/String;Ljava/lang/Object;Ljava/lang/Object;Ljava/lang/Class;)Ljava/lang/Object;+319 java.base@17.0.11
j  java.lang.invoke.CallSite.makeSite(Ljava/lang/invoke/MethodHandle;Ljava/lang/String;Ljava/lang/invoke/MethodType;Ljava/lang/Object;Ljava/lang/Class;)Ljava/lang/invoke/CallSite;+8 java.base@17.0.11
j  java.lang.invoke.MethodHandleNatives.linkCallSiteImpl(Ljava/lang/Class;Ljava/lang/invoke/MethodHandle;Ljava/lang/String;Ljava/lang/invoke/MethodType;Ljava/lang/Object;[Ljava/lang/Object;)Ljava/lang/invoke/MemberName;+6 java.base@17.0.11
j  java.lang.invoke.MethodHandleNatives.linkCallSite(Ljava/lang/Object;ILjava/lang/Object;Ljava/lang/Object;Ljava/lang/Object;Ljava/lang/Object;[Ljava/lang/Object;)Ljava/lang/invoke/MemberName;+46 java.base@17.0.11
v  ~StubRoutines::call_stub
j  jdk.internal.jimage.BasicImageReader.getResourceBuffer(Ljdk/internal/jimage/ImageLocation;)Ljava/nio/ByteBuffer;+168 java.base@17.0.11
j  jdk.internal.jimage.ImageReader.getResourceBuffer(Ljdk/internal/jimage/ImageLocation;)Ljava/nio/ByteBuffer;+9 java.base@17.0.11
j  jdk.internal.module.SystemModuleFinders$SystemModuleReader.read(Ljava/lang/String;)Ljava/util/Optional;+14 java.base@17.0.11
j  jdk.internal.loader.BuiltinClassLoader.defineClass(Ljava/lang/String;Ljdk/internal/loader/BuiltinClassLoader$LoadedModule;)Ljava/lang/Class;+79 java.base@17.0.11
j  jdk.internal.loader.BuiltinClassLoader.findClassInModuleOrNull(Ljdk/internal/loader/BuiltinClassLoader$LoadedModule;Ljava/lang/String;)Ljava/lang/Class;+9 java.base@17.0.11
j  jdk.internal.loader.BuiltinClassLoader.findClass(Ljava/lang/String;Ljava/lang/String;)Ljava/lang/Class;+42 java.base@17.0.11
j  java.lang.ClassLoader.loadClass(Ljava/lang/Module;Ljava/lang/String;)Ljava/lang/Class;+26 java.base@17.0.11
j  java.lang.Class.forName(Ljava/lang/Module;Ljava/lang/String;)Ljava/lang/Class;+81 java.base@17.0.11
j  java.util.ServiceLoader.loadProvider(Ljdk/internal/module/ServicesCatalog$ServiceProvider;)Ljava/util/ServiceLoader$Provider;+38 java.base@17.0.11
j  java.util.ServiceLoader$ModuleServicesLookupIterator.hasNext()Z+79 java.base@17.0.11
j  java.util.ServiceLoader$2.hasNext()Z+4 java.base@17.0.11
j  java.util.ServiceLoader$3.hasNext()Z+32 java.base@17.0.11
j  sun.security.jca.ProviderConfig$ProviderLoader.load(Ljava/lang/String;)Ljava/security/Provider;+45 java.base@17.0.11
j  sun.security.jca.ProviderConfig$3.run()Ljava/security/Provider;+44 java.base@17.0.11
j  sun.security.jca.ProviderConfig$3.run()Ljava/lang/Object;+1 java.base@17.0.11
j  java.security.AccessController.executePrivileged(Ljava/security/PrivilegedAction;Ljava/security/AccessControlContext;Ljava/lang/Class;)Ljava/lang/Object;+29 java.base@17.0.11
j  java.security.AccessController.doPrivileged(Ljava/security/PrivilegedAction;)Ljava/lang/Object;+5 java.base@17.0.11
j  sun.security.jca.ProviderConfig.doLoadProvider()Ljava/security/Provider;+8 java.base@17.0.11
j  sun.security.jca.ProviderConfig.getProvider()Ljava/security/Provider;+281 java.base@17.0.11
j  sun.security.jca.ProviderList.getProvider(I)Ljava/security/Provider;+6 java.base@17.0.11
j  sun.security.jca.ProviderList.getService(Ljava/lang/String;Ljava/lang/String;)Ljava/security/Provider$Service;+90 java.base@17.0.11
j  sun.security.jca.GetInstance.getInstance(Ljava/lang/String;Ljava/lang/Class;Ljava/lang/String;)Lsun/security/jca/GetInstance$Instance;+7 java.base@17.0.11
j  javax.net.ssl.SSLContext.getInstance(Ljava/lang/String;)Ljavax/net/ssl/SSLContext;+12 java.base@17.0.11
j  externalApp.ExternalAppUtil.sendIdeRequest(Ljava/lang/String;ILjava/lang/String;Ljava/lang/String;)LexternalApp/ExternalAppUtil$Result;+34
j  git4idea.http.GitAskPassApp.main([Ljava/lang/String;)V+37
v  ~StubRoutines::call_stub
new  187 new  [0x000002718754b5c0, 0x000002718754b7e0]  544 bytes
[MachCode]
  0x000002718754b5c0: 4883 ec08 | c5fa 1104 | 24eb 1f48 | 83ec 10c5 | fb11 0424 | eb14 4883 | ec10 4889 | 0424 48c7 
  0x000002718754b5e0: 4424 0800 | 0000 00eb | 0150 410f | b755 010f | cac1 ea10 | 488b 4de8 | 488b 4908 | 488b 4908 
  0x000002718754b600: 488b 4108 | 807c 1004 | 070f 85d6 | 0000 0066 | 8b54 d148 | 488b 4928 | 488b 4cd1 | 0851 80b9 
  0x000002718754b620: 5b01 0000 | 040f 85b9 | 0000 008b | 5108 f7c2 | 0100 0000 | 0f85 aa00 | 0000 498b | 8708 0100 
  0x000002718754b640: 0048 8d1c | 1049 3b9f | 1801 0000 | 0f87 9200 | 0000 4989 | 9f08 0100 | 00e9 0000 | 0000 4883 
  0x000002718754b660: ea10 0f84 | 0f00 0000 | 33c9 c1ea | 0348 894c | d008 48ff | ca75 f648 | c700 0100 | 0000 5933 
  0x000002718754b680: f689 700c | 48c1 e903 | 8948 0849 | ba69 3a8d | 44fd 7f00 | 0041 803a | 000f 8440 | 0000 0050 
  0x000002718754b6a0: 488b c848 | 83ec 20f7 | c40f 0000 | 000f 841a | 0000 0048 | 83ec 0849 | ba50 e442 | 44fd 7f00 
  0x000002718754b6c0: 0041 ffd2 | 4883 c408 | e90d 0000 | 0049 ba50 | e442 44fd | 7f00 0041 | ffd2 4883 | c420 58e9 
  0x000002718754b6e0: cd00 0000 | 5948 8b55 | e848 8b52 | 0848 8b52 | 0845 0fb7 | 4501 410f | c841 c1e8 | 10e8 0500 
  0x000002718754b700: 0000 e9aa | 0000 0048 | 8d44 2408 | 4c89 6dc0 | 498b cfc5 | f877 4989 | afa8 0200 | 0049 8987 
  0x000002718754b720: 9802 0000 | 4883 ec20 | f7c4 0f00 | 0000 0f84 | 1a00 0000 | 4883 ec08 | 49ba 0062 | 0c44 fd7f 
  0x000002718754b740: 0000 41ff | d248 83c4 | 08e9 0d00 | 0000 49ba | 0062 0c44 | fd7f 0000 | 41ff d248 | 83c4 2049 
  0x000002718754b760: c787 9802 | 0000 0000 | 0000 49c7 | 87a8 0200 | 0000 0000 | 0049 c787 | a002 0000 | 0000 0000 
  0x000002718754b780: c5f8 7749 | 817f 0800 | 0000 000f | 8405 0000 | 00e9 6a57 | feff 498b | 87f0 0200 | 0049 c787 
  0x000002718754b7a0: f002 0000 | 0000 0000 | 4c8b 6dc0 | 4c8b 75c8 | c341 0fb6 | 5d03 4983 | c503 49ba | 40a7 8f44 
  0x000002718754b7c0: fd7f 0000 | 41ff 24da | 0000 0000 | 0000 0000 | 0000 0000 | 0000 0000 | 0000 0000 | 0000 0000 
[/MachCode]

---------------  P R O C E S S  ---------------

Threads class SMR info:
_java_thread_list=0x00000271fe3589e0, length=12, elements={
0x00000271f225dbf0, 0x00000271fe1a90b0, 0x00000271fe1a9b40, 0x00000271fe06e070,
0x00000271fe1daf20, 0x00000271fe1dc960, 0x00000271fe1dd230, 0x00000271fe1ddfd0,
0x00000271fe1dea80, 0x00000271fe1df480, 0x00000271fe357440, 0x00000271fe363070
}

Java Threads: ( => current thread )
=>0x00000271f225dbf0 JavaThread "main" [_thread_in_vm, id=5760, stack(0x000000da61f00000,0x000000da62000000)]
  0x00000271fe1a90b0 JavaThread "Reference Handler" daemon [_thread_blocked, id=23768, stack(0x000000da62600000,0x000000da62700000)]
  0x00000271fe1a9b40 JavaThread "Finalizer" daemon [_thread_blocked, id=21156, stack(0x000000da62700000,0x000000da62800000)]
  0x00000271fe06e070 JavaThread "Signal Dispatcher" daemon [_thread_blocked, id=23132, stack(0x000000da62800000,0x000000da62900000)]
  0x00000271fe1daf20 JavaThread "Attach Listener" daemon [_thread_blocked, id=8040, stack(0x000000da62900000,0x000000da62a00000)]
  0x00000271fe1dc960 JavaThread "Service Thread" daemon [_thread_blocked, id=4144, stack(0x000000da62a00000,0x000000da62b00000)]
  0x00000271fe1dd230 JavaThread "Monitor Deflation Thread" daemon [_thread_blocked, id=24220, stack(0x000000da62b00000,0x000000da62c00000)]
  0x00000271fe1ddfd0 JavaThread "C2 CompilerThread0" daemon [_thread_blocked, id=25120, stack(0x000000da62c00000,0x000000da62d00000)]
  0x00000271fe1dea80 JavaThread "C1 CompilerThread0" daemon [_thread_blocked, id=22948, stack(0x000000da62d00000,0x000000da62e00000)]
  0x00000271fe1df480 JavaThread "Sweeper thread" daemon [_thread_blocked, id=8260, stack(0x000000da62e00000,0x000000da62f00000)]
  0x00000271fe357440 JavaThread "Notification Thread" daemon [_thread_blocked, id=3492, stack(0x000000da62f00000,0x000000da63000000)]
  0x00000271fe363070 JavaThread "Common-Cleaner" daemon [_thread_blocked, id=22072, stack(0x000000da63100000,0x000000da63200000)]

Other Threads:
  0x00000271fe03dd30 VMThread "VM Thread" [stack: 0x000000da62500000,0x000000da62600000] [id=22008]
  0x00000271fe358130 WatcherThread [stack: 0x000000da63000000,0x000000da63100000] [id=21352]
  0x00000271f22ab640 GCTaskThread "GC Thread#0" [stack: 0x000000da62000000,0x000000da62100000] [id=22004]
  0x00000271f22b80d0 ConcurrentGCThread "G1 Main Marker" [stack: 0x000000da62100000,0x000000da62200000] [id=23088]
  0x00000271f22b8af0 ConcurrentGCThread "G1 Conc#0" [stack: 0x000000da62200000,0x000000da62300000] [id=19476]
  0x00000271f2308900 ConcurrentGCThread "G1 Refine#0" [stack: 0x000000da62300000,0x000000da62400000] [id=17480]
  0x00000271fdea04a0 ConcurrentGCThread "G1 Service" [stack: 0x000000da62400000,0x000000da62500000] [id=21816]

Threads with active compile tasks:

VM state: not at safepoint (normal execution)

VM Mutex/Monitor currently owned by a thread:  ([mutex/lock_event])
[0x00000271f2259060] Metaspace_lock - owner thread: 0x00000271f225dbf0

Heap address: 0x00000000a2600000, size: 1498 MB, Compressed Oops mode: 32-bit

CDS archive(s) not mapped
Compressed class space mapped at: 0x0000000100000000-0x0000000140000000, reserved size: 1073741824
Narrow klass base: 0x0000000000000000, Narrow klass shift: 3, Narrow klass range: 0x140000000

GC Precious Log:
 CPUs: 12 total, 12 available
 Memory: 5989M
 Large Page Support: Disabled
 NUMA Support: Disabled
 Compressed Oops: Enabled (32-bit)
 Heap Region Size: 1M
 Heap Min Capacity: 8M
 Heap Initial Capacity: 94M
 Heap Max Capacity: 1498M
 Pre-touch: Disabled
 Parallel Workers: 10
 Concurrent Workers: 3
 Concurrent Refinement Workers: 10
 Periodic GC: Disabled

Heap:
 garbage-first heap   total 96256K, used 1024K [0x00000000a2600000, 0x0000000100000000)
  region size 1024K, 2 young (2048K), 0 survivors (0K)
 Metaspace       used 6462K, committed 6528K, reserved 1114112K
  class space    used 563K, committed 576K, reserved 1048576K

Heap Regions: E=young(eden), S=young(survivor), O=old, HS=humongous(starts), HC=humongous(continues), CS=collection set, F=free, OA=open archive, CA=closed archive, TAMS=top-at-mark-start (previous, next)
|   0|0x00000000a2600000, 0x00000000a2600000, 0x00000000a2700000|  0%| F|  |TAMS 0x00000000a2600000, 0x00000000a2600000| Untracked 
|   1|0x00000000a2700000, 0x00000000a2700000, 0x00000000a2800000|  0%| F|  |TAMS 0x00000000a2700000, 0x00000000a2700000| Untracked 
|   2|0x00000000a2800000, 0x00000000a2800000, 0x00000000a2900000|  0%| F|  |TAMS 0x00000000a2800000, 0x00000000a2800000| Untracked 
|   3|0x00000000a2900000, 0x00000000a2900000, 0x00000000a2a00000|  0%| F|  |TAMS 0x00000000a2900000, 0x00000000a2900000| Untracked 
|   4|0x00000000a2a00000, 0x00000000a2a00000, 0x00000000a2b00000|  0%| F|  |TAMS 0x00000000a2a00000, 0x00000000a2a00000| Untracked 
|   5|0x00000000a2b00000, 0x00000000a2b00000, 0x00000000a2c00000|  0%| F|  |TAMS 0x00000000a2b00000, 0x00000000a2b00000| Untracked 
|   6|0x00000000a2c00000, 0x00000000a2c00000, 0x00000000a2d00000|  0%| F|  |TAMS 0x00000000a2c00000, 0x00000000a2c00000| Untracked 
|   7|0x00000000a2d00000, 0x00000000a2d00000, 0x00000000a2e00000|  0%| F|  |TAMS 0x00000000a2d00000, 0x00000000a2d00000| Untracked 
|   8|0x00000000a2e00000, 0x00000000a2e00000, 0x00000000a2f00000|  0%| F|  |TAMS 0x00000000a2e00000, 0x00000000a2e00000| Untracked 
|   9|0x00000000a2f00000, 0x00000000a2f00000, 0x00000000a3000000|  0%| F|  |TAMS 0x00000000a2f00000, 0x00000000a2f00000| Untracked 
|  10|0x00000000a3000000, 0x00000000a3000000, 0x00000000a3100000|  0%| F|  |TAMS 0x00000000a3000000, 0x00000000a3000000| Untracked 
|  11|0x00000000a3100000, 0x00000000a3100000, 0x00000000a3200000|  0%| F|  |TAMS 0x00000000a3100000, 0x00000000a3100000| Untracked 
|  12|0x00000000a3200000, 0x00000000a3200000, 0x00000000a3300000|  0%| F|  |TAMS 0x00000000a3200000, 0x00000000a3200000| Untracked 
|  13|0x00000000a3300000, 0x00000000a3300000, 0x00000000a3400000|  0%| F|  |TAMS 0x00000000a3300000, 0x00000000a3300000| Untracked 
|  14|0x00000000a3400000, 0x00000000a3400000, 0x00000000a3500000|  0%| F|  |TAMS 0x00000000a3400000, 0x00000000a3400000| Untracked 
|  15|0x00000000a3500000, 0x00000000a3500000, 0x00000000a3600000|  0%| F|  |TAMS 0x00000000a3500000, 0x00000000a3500000| Untracked 
|  16|0x00000000a3600000, 0x00000000a3600000, 0x00000000a3700000|  0%| F|  |TAMS 0x00000000a3600000, 0x00000000a3600000| Untracked 
|  17|0x00000000a3700000, 0x00000000a3700000, 0x00000000a3800000|  0%| F|  |TAMS 0x00000000a3700000, 0x00000000a3700000| Untracked 
|  18|0x00000000a3800000, 0x00000000a3800000, 0x00000000a3900000|  0%| F|  |TAMS 0x00000000a3800000, 0x00000000a3800000| Untracked 
|  19|0x00000000a3900000, 0x00000000a3900000, 0x00000000a3a00000|  0%| F|  |TAMS 0x00000000a3900000, 0x00000000a3900000| Untracked 
|  20|0x00000000a3a00000, 0x00000000a3a00000, 0x00000000a3b00000|  0%| F|  |TAMS 0x00000000a3a00000, 0x00000000a3a00000| Untracked 
|  21|0x00000000a3b00000, 0x00000000a3b00000, 0x00000000a3c00000|  0%| F|  |TAMS 0x00000000a3b00000, 0x00000000a3b00000| Untracked 
|  22|0x00000000a3c00000, 0x00000000a3c00000, 0x00000000a3d00000|  0%| F|  |TAMS 0x00000000a3c00000, 0x00000000a3c00000| Untracked 
|  23|0x00000000a3d00000, 0x00000000a3d00000, 0x00000000a3e00000|  0%| F|  |TAMS 0x00000000a3d00000, 0x00000000a3d00000| Untracked 
|  24|0x00000000a3e00000, 0x00000000a3e00000, 0x00000000a3f00000|  0%| F|  |TAMS 0x00000000a3e00000, 0x00000000a3e00000| Untracked 
|  25|0x00000000a3f00000, 0x00000000a3f00000, 0x00000000a4000000|  0%| F|  |TAMS 0x00000000a3f00000, 0x00000000a3f00000| Untracked 
|  26|0x00000000a4000000, 0x00000000a4000000, 0x00000000a4100000|  0%| F|  |TAMS 0x00000000a4000000, 0x00000000a4000000| Untracked 
|  27|0x00000000a4100000, 0x00000000a4100000, 0x00000000a4200000|  0%| F|  |TAMS 0x00000000a4100000, 0x00000000a4100000| Untracked 
|  28|0x00000000a4200000, 0x00000000a4200000, 0x00000000a4300000|  0%| F|  |TAMS 0x00000000a4200000, 0x00000000a4200000| Untracked 
|  29|0x00000000a4300000, 0x00000000a4300000, 0x00000000a4400000|  0%| F|  |TAMS 0x00000000a4300000, 0x00000000a4300000| Untracked 
|  30|0x00000000a4400000, 0x00000000a4400000, 0x00000000a4500000|  0%| F|  |TAMS 0x00000000a4400000, 0x00000000a4400000| Untracked 
|  31|0x00000000a4500000, 0x00000000a4500000, 0x00000000a4600000|  0%| F|  |TAMS 0x00000000a4500000, 0x00000000a4500000| Untracked 
|  32|0x00000000a4600000, 0x00000000a4600000, 0x00000000a4700000|  0%| F|  |TAMS 0x00000000a4600000, 0x00000000a4600000| Untracked 
|  33|0x00000000a4700000, 0x00000000a4700000, 0x00000000a4800000|  0%| F|  |TAMS 0x00000000a4700000, 0x00000000a4700000| Untracked 
|  34|0x00000000a4800000, 0x00000000a4800000, 0x00000000a4900000|  0%| F|  |TAMS 0x00000000a4800000, 0x00000000a4800000| Untracked 
|  35|0x00000000a4900000, 0x00000000a4900000, 0x00000000a4a00000|  0%| F|  |TAMS 0x00000000a4900000, 0x00000000a4900000| Untracked 
|  36|0x00000000a4a00000, 0x00000000a4a00000, 0x00000000a4b00000|  0%| F|  |TAMS 0x00000000a4a00000, 0x00000000a4a00000| Untracked 
|  37|0x00000000a4b00000, 0x00000000a4b00000, 0x00000000a4c00000|  0%| F|  |TAMS 0x00000000a4b00000, 0x00000000a4b00000| Untracked 
|  38|0x00000000a4c00000, 0x00000000a4c00000, 0x00000000a4d00000|  0%| F|  |TAMS 0x00000000a4c00000, 0x00000000a4c00000| Untracked 
|  39|0x00000000a4d00000, 0x00000000a4d00000, 0x00000000a4e00000|  0%| F|  |TAMS 0x00000000a4d00000, 0x00000000a4d00000| Untracked 
|  40|0x00000000a4e00000, 0x00000000a4e00000, 0x00000000a4f00000|  0%| F|  |TAMS 0x00000000a4e00000, 0x00000000a4e00000| Untracked 
|  41|0x00000000a4f00000, 0x00000000a4f00000, 0x00000000a5000000|  0%| F|  |TAMS 0x00000000a4f00000, 0x00000000a4f00000| Untracked 
|  42|0x00000000a5000000, 0x00000000a5000000, 0x00000000a5100000|  0%| F|  |TAMS 0x00000000a5000000, 0x00000000a5000000| Untracked 
|  43|0x00000000a5100000, 0x00000000a5100000, 0x00000000a5200000|  0%| F|  |TAMS 0x00000000a5100000, 0x00000000a5100000| Untracked 
|  44|0x00000000a5200000, 0x00000000a5200000, 0x00000000a5300000|  0%| F|  |TAMS 0x00000000a5200000, 0x00000000a5200000| Untracked 
|  45|0x00000000a5300000, 0x00000000a5300000, 0x00000000a5400000|  0%| F|  |TAMS 0x00000000a5300000, 0x00000000a5300000| Untracked 
|  46|0x00000000a5400000, 0x00000000a5400000, 0x00000000a5500000|  0%| F|  |TAMS 0x00000000a5400000, 0x00000000a5400000| Untracked 
|  47|0x00000000a5500000, 0x00000000a5500000, 0x00000000a5600000|  0%| F|  |TAMS 0x00000000a5500000, 0x00000000a5500000| Untracked 
|  48|0x00000000a5600000, 0x00000000a5600000, 0x00000000a5700000|  0%| F|  |TAMS 0x00000000a5600000, 0x00000000a5600000| Untracked 
|  49|0x00000000a5700000, 0x00000000a5700000, 0x00000000a5800000|  0%| F|  |TAMS 0x00000000a5700000, 0x00000000a5700000| Untracked 
|  50|0x00000000a5800000, 0x00000000a5800000, 0x00000000a5900000|  0%| F|  |TAMS 0x00000000a5800000, 0x00000000a5800000| Untracked 
|  51|0x00000000a5900000, 0x00000000a5900000, 0x00000000a5a00000|  0%| F|  |TAMS 0x00000000a5900000, 0x00000000a5900000| Untracked 
|  52|0x00000000a5a00000, 0x00000000a5a00000, 0x00000000a5b00000|  0%| F|  |TAMS 0x00000000a5a00000, 0x00000000a5a00000| Untracked 
|  53|0x00000000a5b00000, 0x00000000a5b00000, 0x00000000a5c00000|  0%| F|  |TAMS 0x00000000a5b00000, 0x00000000a5b00000| Untracked 
|  54|0x00000000a5c00000, 0x00000000a5c00000, 0x00000000a5d00000|  0%| F|  |TAMS 0x00000000a5c00000, 0x00000000a5c00000| Untracked 
|  55|0x00000000a5d00000, 0x00000000a5d00000, 0x00000000a5e00000|  0%| F|  |TAMS 0x00000000a5d00000, 0x00000000a5d00000| Untracked 
|  56|0x00000000a5e00000, 0x00000000a5e00000, 0x00000000a5f00000|  0%| F|  |TAMS 0x00000000a5e00000, 0x00000000a5e00000| Untracked 
|  57|0x00000000a5f00000, 0x00000000a5f00000, 0x00000000a6000000|  0%| F|  |TAMS 0x00000000a5f00000, 0x00000000a5f00000| Untracked 
|  58|0x00000000a6000000, 0x00000000a6000000, 0x00000000a6100000|  0%| F|  |TAMS 0x00000000a6000000, 0x00000000a6000000| Untracked 
|  59|0x00000000a6100000, 0x00000000a6100000, 0x00000000a6200000|  0%| F|  |TAMS 0x00000000a6100000, 0x00000000a6100000| Untracked 
|  60|0x00000000a6200000, 0x00000000a6200000, 0x00000000a6300000|  0%| F|  |TAMS 0x00000000a6200000, 0x00000000a6200000| Untracked 
|  61|0x00000000a6300000, 0x00000000a6300000, 0x00000000a6400000|  0%| F|  |TAMS 0x00000000a6300000, 0x00000000a6300000| Untracked 
|  62|0x00000000a6400000, 0x00000000a6400000, 0x00000000a6500000|  0%| F|  |TAMS 0x00000000a6400000, 0x00000000a6400000| Untracked 
|  63|0x00000000a6500000, 0x00000000a6500000, 0x00000000a6600000|  0%| F|  |TAMS 0x00000000a6500000, 0x00000000a6500000| Untracked 
|  64|0x00000000a6600000, 0x00000000a6600000, 0x00000000a6700000|  0%| F|  |TAMS 0x00000000a6600000, 0x00000000a6600000| Untracked 
|  65|0x00000000a6700000, 0x00000000a6700000, 0x00000000a6800000|  0%| F|  |TAMS 0x00000000a6700000, 0x00000000a6700000| Untracked 
|  66|0x00000000a6800000, 0x00000000a6800000, 0x00000000a6900000|  0%| F|  |TAMS 0x00000000a6800000, 0x00000000a6800000| Untracked 
|  67|0x00000000a6900000, 0x00000000a6900000, 0x00000000a6a00000|  0%| F|  |TAMS 0x00000000a6900000, 0x00000000a6900000| Untracked 
|  68|0x00000000a6a00000, 0x00000000a6a00000, 0x00000000a6b00000|  0%| F|  |TAMS 0x00000000a6a00000, 0x00000000a6a00000| Untracked 
|  69|0x00000000a6b00000, 0x00000000a6b00000, 0x00000000a6c00000|  0%| F|  |TAMS 0x00000000a6b00000, 0x00000000a6b00000| Untracked 
|  70|0x00000000a6c00000, 0x00000000a6c00000, 0x00000000a6d00000|  0%| F|  |TAMS 0x00000000a6c00000, 0x00000000a6c00000| Untracked 
|  71|0x00000000a6d00000, 0x00000000a6d00000, 0x00000000a6e00000|  0%| F|  |TAMS 0x00000000a6d00000, 0x00000000a6d00000| Untracked 
|  72|0x00000000a6e00000, 0x00000000a6e00000, 0x00000000a6f00000|  0%| F|  |TAMS 0x00000000a6e00000, 0x00000000a6e00000| Untracked 
|  73|0x00000000a6f00000, 0x00000000a6f00000, 0x00000000a7000000|  0%| F|  |TAMS 0x00000000a6f00000, 0x00000000a6f00000| Untracked 
|  74|0x00000000a7000000, 0x00000000a7000000, 0x00000000a7100000|  0%| F|  |TAMS 0x00000000a7000000, 0x00000000a7000000| Untracked 
|  75|0x00000000a7100000, 0x00000000a7100000, 0x00000000a7200000|  0%| F|  |TAMS 0x00000000a7100000, 0x00000000a7100000| Untracked 
|  76|0x00000000a7200000, 0x00000000a7200000, 0x00000000a7300000|  0%| F|  |TAMS 0x00000000a7200000, 0x00000000a7200000| Untracked 
|  77|0x00000000a7300000, 0x00000000a7300000, 0x00000000a7400000|  0%| F|  |TAMS 0x00000000a7300000, 0x00000000a7300000| Untracked 
|  78|0x00000000a7400000, 0x00000000a7400000, 0x00000000a7500000|  0%| F|  |TAMS 0x00000000a7400000, 0x00000000a7400000| Untracked 
|  79|0x00000000a7500000, 0x00000000a7500000, 0x00000000a7600000|  0%| F|  |TAMS 0x00000000a7500000, 0x00000000a7500000| Untracked 
|  80|0x00000000a7600000, 0x00000000a7600000, 0x00000000a7700000|  0%| F|  |TAMS 0x00000000a7600000, 0x00000000a7600000| Untracked 
|  81|0x00000000a7700000, 0x00000000a7700000, 0x00000000a7800000|  0%| F|  |TAMS 0x00000000a7700000, 0x00000000a7700000| Untracked 
|  82|0x00000000a7800000, 0x00000000a7800000, 0x00000000a7900000|  0%| F|  |TAMS 0x00000000a7800000, 0x00000000a7800000| Untracked 
|  83|0x00000000a7900000, 0x00000000a7900000, 0x00000000a7a00000|  0%| F|  |TAMS 0x00000000a7900000, 0x00000000a7900000| Untracked 
|  84|0x00000000a7a00000, 0x00000000a7a00000, 0x00000000a7b00000|  0%| F|  |TAMS 0x00000000a7a00000, 0x00000000a7a00000| Untracked 
|  85|0x00000000a7b00000, 0x00000000a7b00000, 0x00000000a7c00000|  0%| F|  |TAMS 0x00000000a7b00000, 0x00000000a7b00000| Untracked 
|  86|0x00000000a7c00000, 0x00000000a7c00000, 0x00000000a7d00000|  0%| F|  |TAMS 0x00000000a7c00000, 0x00000000a7c00000| Untracked 
|  87|0x00000000a7d00000, 0x00000000a7d00000, 0x00000000a7e00000|  0%| F|  |TAMS 0x00000000a7d00000, 0x00000000a7d00000| Untracked 
|  88|0x00000000a7e00000, 0x00000000a7e00000, 0x00000000a7f00000|  0%| F|  |TAMS 0x00000000a7e00000, 0x00000000a7e00000| Untracked 
|  89|0x00000000a7f00000, 0x00000000a7f00000, 0x00000000a8000000|  0%| F|  |TAMS 0x00000000a7f00000, 0x00000000a7f00000| Untracked 
|  90|0x00000000a8000000, 0x00000000a8000000, 0x00000000a8100000|  0%| F|  |TAMS 0x00000000a8000000, 0x00000000a8000000| Untracked 
|  91|0x00000000a8100000, 0x00000000a8100000, 0x00000000a8200000|  0%| F|  |TAMS 0x00000000a8100000, 0x00000000a8100000| Untracked 
|  92|0x00000000a8200000, 0x00000000a82ec098, 0x00000000a8300000| 92%| E|  |TAMS 0x00000000a8200000, 0x00000000a8200000| Complete 
|  93|0x00000000a8300000, 0x00000000a8400000, 0x00000000a8400000|100%| E|CS|TAMS 0x00000000a8300000, 0x00000000a8300000| Complete 

Card table byte_map: [0x00000271f7e90000,0x00000271f8180000] _byte_map_base: 0x00000271f797d000

Marking Bits (Prev, Next): (CMBitMap*) 0x00000271f22abc60, (CMBitMap*) 0x00000271f22abca0
 Prev Bits: [0x00000271f8470000, 0x00000271f9bd8000)
 Next Bits: [0x00000271f9be0000, 0x00000271fb348000)

Polling page: 0x00000271f2310000

Metaspace:

Usage:
  Non-class:      5.76 MB used.
      Class:    563.38 KB used.
       Both:      6.31 MB used.

Virtual space:
  Non-class space:       64.00 MB reserved,       5.81 MB (  9%) committed,  1 nodes.
      Class space:        1.00 GB reserved,     576.00 KB ( <1%) committed,  1 nodes.
             Both:        1.06 GB reserved,       6.38 MB ( <1%) committed. 

Chunk freelists:
   Non-Class:  10.11 MB
       Class:  15.25 MB
        Both:  25.36 MB

MaxMetaspaceSize: unlimited
CompressedClassSpaceSize: 1.00 GB
Initial GC threshold: 21.00 MB
Current GC threshold: 21.00 MB
CDS: off
MetaspaceReclaimPolicy: balanced
 - commit_granule_bytes: 65536.
 - commit_granule_words: 8192.
 - virtual_space_node_default_size: 8388608.
 - enlarge_chunks_in_place: 1.
 - new_chunks_are_fully_committed: 0.
 - uncommit_free_chunks: 1.
 - use_allocation_guard: 0.
 - handle_deallocations: 1.


Internal statistics:

num_allocs_failed_limit: 0.
num_arena_births: 4.
num_arena_deaths: 0.
num_vsnodes_births: 2.
num_vsnodes_deaths: 0.
num_space_committed: 102.
num_space_uncommitted: 0.
num_chunks_returned_to_freelist: 0.
num_chunks_taken_from_freelist: 17.
num_chunk_merges: 0.
num_chunk_splits: 6.
num_chunks_enlarged: 1.
num_inconsistent_stats: 0.

CodeHeap 'non-profiled nmethods': size=120000Kb used=31Kb max_used=31Kb free=119969Kb
 bounds [0x0000027187ad0000, 0x0000027187d40000, 0x000002718f000000]
CodeHeap 'profiled nmethods': size=120000Kb used=172Kb max_used=172Kb free=119827Kb
 bounds [0x0000027180000000, 0x0000027180270000, 0x0000027187530000]
CodeHeap 'non-nmethods': size=5760Kb used=1104Kb max_used=1104Kb free=4655Kb
 bounds [0x0000027187530000, 0x00000271877a0000, 0x0000027187ad0000]
 total_blobs=515 nmethods=135 adapters=293
 compilation: enabled
              stopped_count=0, restarted_count=0
 full_count=0

Compilation events (20 events):
Event: 0.127 Thread 0x00000271fe1dea80  119       1       java.security.Provider$Service::getType (5 bytes)
Event: 0.127 Thread 0x00000271fe1dea80 nmethod 119 0x0000027187ad5d10 code [0x0000027187ad5ea0, 0x0000027187ad5f78]
Event: 0.127 Thread 0x00000271fe1dea80  120       1       java.security.Provider$Service::getAlgorithm (5 bytes)
Event: 0.127 Thread 0x00000271fe1dea80 nmethod 120 0x0000027187ad6010 code [0x0000027187ad61a0, 0x0000027187ad6278]
Event: 0.127 Thread 0x00000271fe1dea80  121       1       java.security.Provider$Service::getAliases (5 bytes)
Event: 0.127 Thread 0x00000271fe1dea80 nmethod 121 0x0000027187ad6310 code [0x0000027187ad64a0, 0x0000027187ad6578]
Event: 0.130 Thread 0x00000271fe1dea80  124       3       java.util.ImmutableCollections$Set12$1::hasNext (13 bytes)
Event: 0.130 Thread 0x00000271fe1dea80 nmethod 124 0x0000027180029310 code [0x00000271800294a0, 0x0000027180029618]
Event: 0.130 Thread 0x00000271fe1dea80  125       3       java.util.concurrent.ConcurrentHashMap::get (162 bytes)
Event: 0.131 Thread 0x00000271fe1dea80 nmethod 125 0x0000027180029690 code [0x00000271800298e0, 0x000002718002a3a8]
Event: 0.132 Thread 0x00000271fe1dea80  126       3       sun.nio.fs.WindowsPathParser::isSlash (18 bytes)
Event: 0.132 Thread 0x00000271fe1dea80 nmethod 126 0x000002718002a690 code [0x000002718002a820, 0x000002718002a998]
Event: 0.132 Thread 0x00000271fe1dea80  127       3       java.util.AbstractMap::<init> (5 bytes)
Event: 0.133 Thread 0x00000271fe1dea80 nmethod 127 0x000002718002aa10 code [0x000002718002aba0, 0x000002718002acf8]
Event: 0.135 Thread 0x00000271fe1dea80  128       3       java.lang.ref.Reference::reachabilityFence (1 bytes)
Event: 0.135 Thread 0x00000271fe1dea80 nmethod 128 0x000002718002ad90 code [0x000002718002af20, 0x000002718002b018]
Event: 0.139 Thread 0x00000271fe1dea80  130       1       java.lang.Enum::ordinal (5 bytes)
Event: 0.139 Thread 0x00000271fe1dea80 nmethod 130 0x0000027187ad6910 code [0x0000027187ad6aa0, 0x0000027187ad6b78]
Event: 0.140 Thread 0x00000271fe1dea80  131       1       java.lang.Class::getClassLoader0 (5 bytes)
Event: 0.140 Thread 0x00000271fe1dea80 nmethod 131 0x0000027187ad6c10 code [0x0000027187ad6da0, 0x0000027187ad6e78]

GC Heap History (0 events):
No events

Dll operation events (1 events):
Event: 0.008 Loaded shared library C:\Program Files\Android\Android Studio\jbr\bin\java.dll

Deoptimization events (0 events):
No events

Classes unloaded (0 events):
No events

Classes redefined (0 events):
No events

Internal exceptions (0 events):
No events

VM Operations (4 events):
Event: 0.100 Executing VM operation: HandshakeAllThreads
Event: 0.100 Executing VM operation: HandshakeAllThreads done
Event: 0.116 Executing VM operation: HandshakeAllThreads
Event: 0.116 Executing VM operation: HandshakeAllThreads done

Events (20 events):
Event: 0.143 loading class jdk/internal/org/objectweb/asm/ClassWriter done
Event: 0.143 loading class jdk/internal/org/objectweb/asm/SymbolTable
Event: 0.143 loading class jdk/internal/org/objectweb/asm/SymbolTable done
Event: 0.143 loading class jdk/internal/org/objectweb/asm/SymbolTable$Entry
Event: 0.143 loading class jdk/internal/org/objectweb/asm/Symbol
Event: 0.143 loading class jdk/internal/org/objectweb/asm/Symbol done
Event: 0.143 loading class jdk/internal/org/objectweb/asm/SymbolTable$Entry done
Event: 0.143 loading class jdk/internal/org/objectweb/asm/ByteVector
Event: 0.143 loading class jdk/internal/org/objectweb/asm/ByteVector done
Event: 0.143 loading class java/lang/invoke/LambdaProxyClassArchive
Event: 0.144 loading class java/lang/invoke/LambdaProxyClassArchive done
Event: 0.144 loading class jdk/internal/org/objectweb/asm/FieldWriter
Event: 0.144 loading class jdk/internal/org/objectweb/asm/FieldVisitor
Event: 0.144 loading class jdk/internal/org/objectweb/asm/FieldVisitor done
Event: 0.144 loading class jdk/internal/org/objectweb/asm/FieldWriter done
Event: 0.144 loading class jdk/internal/org/objectweb/asm/MethodWriter
Event: 0.144 loading class jdk/internal/org/objectweb/asm/MethodVisitor
Event: 0.145 loading class jdk/internal/org/objectweb/asm/MethodVisitor done
Event: 0.145 loading class jdk/internal/org/objectweb/asm/MethodWriter done
Event: 0.145 loading class jdk/internal/org/objectweb/asm/Label


Dynamic libraries:
0x00007ff6d4280000 - 0x00007ff6d428a000 	C:\Program Files\Android\Android Studio\jbr\bin\java.exe
0x00007ffe1d650000 - 0x00007ffe1d867000 	C:\Windows\SYSTEM32\ntdll.dll
0x00007ffe1bcf0000 - 0x00007ffe1bdb4000 	C:\Windows\System32\KERNEL32.DLL
0x00007ffe1aa90000 - 0x00007ffe1ae3d000 	C:\Windows\System32\KERNELBASE.dll
0x00007ffe1a970000 - 0x00007ffe1aa81000 	C:\Windows\System32\ucrtbase.dll
0x00007ffdd72d0000 - 0x00007ffdd72e7000 	C:\Program Files\Android\Android Studio\jbr\bin\jli.dll
0x00007ffe0cc90000 - 0x00007ffe0ccab000 	C:\Program Files\Android\Android Studio\jbr\bin\VCRUNTIME140.dll
0x00007ffe1c8f0000 - 0x00007ffe1ca9e000 	C:\Windows\System32\USER32.dll
0x00007ffe1af60000 - 0x00007ffe1af86000 	C:\Windows\System32\win32u.dll
0x00007ffe1d5e0000 - 0x00007ffe1d609000 	C:\Windows\System32\GDI32.dll
0x00007ffe1ae40000 - 0x00007ffe1af59000 	C:\Windows\System32\gdi32full.dll
0x00007ffe1b2b0000 - 0x00007ffe1b34a000 	C:\Windows\System32\msvcp_win.dll
0x00007ffe092b0000 - 0x00007ffe09543000 	C:\Windows\WinSxS\amd64_microsoft.windows.common-controls_6595b64144ccf1df_6.0.22621.3672_none_2713b9d173822955\COMCTL32.dll
0x00007ffe1b5b0000 - 0x00007ffe1b657000 	C:\Windows\System32\msvcrt.dll
0x00007ffe1caa0000 - 0x00007ffe1cad1000 	C:\Windows\System32\IMM32.DLL
0x00007ffe177c0000 - 0x00007ffe177cc000 	C:\Program Files\Android\Android Studio\jbr\bin\vcruntime140_1.dll
0x00007ffdf30f0000 - 0x00007ffdf317d000 	C:\Program Files\Android\Android Studio\jbr\bin\msvcp140.dll
0x00007ffd43d40000 - 0x00007ffd449c3000 	C:\Program Files\Android\Android Studio\jbr\bin\server\jvm.dll
0x00007ffe1c7b0000 - 0x00007ffe1c862000 	C:\Windows\System32\ADVAPI32.dll
0x00007ffe1cae0000 - 0x00007ffe1cb89000 	C:\Windows\System32\sechost.dll
0x00007ffe1b350000 - 0x00007ffe1b378000 	C:\Windows\System32\bcrypt.dll
0x00007ffe1c690000 - 0x00007ffe1c7a4000 	C:\Windows\System32\RPCRT4.dll
0x00007ffe1a830000 - 0x00007ffe1a87d000 	C:\Windows\SYSTEM32\POWRPROF.dll
0x00007ffe109d0000 - 0x00007ffe109da000 	C:\Windows\SYSTEM32\VERSION.dll
0x00007ffe146f0000 - 0x00007ffe14724000 	C:\Windows\SYSTEM32\WINMM.dll
0x00007ffdfebe0000 - 0x00007ffdfebe9000 	C:\Windows\SYSTEM32\WSOCK32.dll
0x00007ffe1c870000 - 0x00007ffe1c8e1000 	C:\Windows\System32\WS2_32.dll
0x00007ffe1a760000 - 0x00007ffe1a773000 	C:\Windows\SYSTEM32\UMPDC.dll
0x00007ffe19980000 - 0x00007ffe19998000 	C:\Windows\SYSTEM32\kernel.appcore.dll
0x00007ffe11a40000 - 0x00007ffe11a4a000 	C:\Program Files\Android\Android Studio\jbr\bin\jimage.dll
0x00007ffe18370000 - 0x00007ffe185a2000 	C:\Windows\SYSTEM32\DBGHELP.DLL
0x00007ffe1b940000 - 0x00007ffe1bccd000 	C:\Windows\System32\combase.dll
0x00007ffe1b850000 - 0x00007ffe1b927000 	C:\Windows\System32\OLEAUT32.dll
0x00007ffe024b0000 - 0x00007ffe024e2000 	C:\Windows\SYSTEM32\dbgcore.DLL
0x00007ffe1b230000 - 0x00007ffe1b2ab000 	C:\Windows\System32\bcryptPrimitives.dll
0x00007ffdf3cb0000 - 0x00007ffdf3cd5000 	C:\Program Files\Android\Android Studio\jbr\bin\java.dll
0x00007ffdf3bc0000 - 0x00007ffdf3bd8000 	C:\Program Files\Android\Android Studio\jbr\bin\zip.dll
0x00007ffe1bdc0000 - 0x00007ffe1c628000 	C:\Windows\System32\SHELL32.dll
0x00007ffe18870000 - 0x00007ffe1916e000 	C:\Windows\SYSTEM32\windows.storage.dll
0x00007ffe18730000 - 0x00007ffe1886f000 	C:\Windows\SYSTEM32\wintypes.dll
0x00007ffe1b380000 - 0x00007ffe1b479000 	C:\Windows\System32\SHCORE.dll
0x00007ffe1d0a0000 - 0x00007ffe1d0fe000 	C:\Windows\System32\shlwapi.dll
0x00007ffe1a8a0000 - 0x00007ffe1a8c1000 	C:\Windows\SYSTEM32\profapi.dll
0x00007ffdef9b0000 - 0x00007ffdef9c9000 	C:\Program Files\Android\Android Studio\jbr\bin\net.dll
0x00007ffe15500000 - 0x00007ffe15636000 	C:\Windows\SYSTEM32\WINHTTP.dll
0x00007ffe19e10000 - 0x00007ffe19e79000 	C:\Windows\system32\mswsock.dll
0x00007ffdef8b0000 - 0x00007ffdef8c6000 	C:\Program Files\Android\Android Studio\jbr\bin\nio.dll

dbghelp: loaded successfully - version: 4.0.5 - missing functions: none
symbol engine: initialized successfully - sym options: 0x614 - pdb path: .;C:\Program Files\Android\Android Studio\jbr\bin;C:\Windows\SYSTEM32;C:\Windows\WinSxS\amd64_microsoft.windows.common-controls_6595b64144ccf1df_6.0.22621.3672_none_2713b9d173822955;C:\Program Files\Android\Android Studio\jbr\bin\server

VM Arguments:
java_command: git4idea.http.GitAskPassApp Username for 'https://github.com': 
java_class_path (initial): C:/Program Files/Android/Android Studio/plugins/vcs-git/lib/git4idea-rt.jar;C:/Program Files/Android/Android Studio/lib/externalProcess-rt.jar
Launcher Type: SUN_STANDARD

[Global flags]
     intx CICompilerCount                          = 4                                         {product} {ergonomic}
     uint ConcGCThreads                            = 3                                         {product} {ergonomic}
     uint G1ConcRefinementThreads                  = 10                                        {product} {ergonomic}
   size_t G1HeapRegionSize                         = 1048576                                   {product} {ergonomic}
    uintx GCDrainStackTargetSize                   = 64                                        {product} {ergonomic}
   size_t InitialHeapSize                          = 98566144                                  {product} {ergonomic}
   size_t MarkStackSize                            = 4194304                                   {product} {ergonomic}
   size_t MaxHeapSize                              = 1570766848                                {product} {ergonomic}
   size_t MaxNewSize                               = 941621248                                 {product} {ergonomic}
   size_t MinHeapDeltaBytes                        = 1048576                                   {product} {ergonomic}
   size_t MinHeapSize                              = 8388608                                   {product} {ergonomic}
    uintx NonNMethodCodeHeapSize                   = 5839372                                {pd product} {ergonomic}
    uintx NonProfiledCodeHeapSize                  = 122909434                              {pd product} {ergonomic}
    uintx ProfiledCodeHeapSize                     = 122909434                              {pd product} {ergonomic}
    uintx ReservedCodeCacheSize                    = 251658240                              {pd product} {ergonomic}
     bool SegmentedCodeCache                       = true                                      {product} {ergonomic}
   size_t SoftMaxHeapSize                          = 1570766848                             {manageable} {ergonomic}
     bool UseCompressedClassPointers               = true                           {product lp64_product} {ergonomic}
     bool UseCompressedOops                        = true                           {product lp64_product} {ergonomic}
     bool UseG1GC                                  = true                                      {product} {ergonomic}
     bool UseLargePagesIndividualAllocation        = false                                  {pd product} {ergonomic}

Logging:
Log output configuration:
 #0: stdout all=warning uptime,level,tags
 #1: stderr all=off uptime,level,tags

Environment Variables:
PATH=C:/Program Files/Git/mingw64/libexec/git-core;C:/Program Files/Git/mingw64/libexec/git-core;C:\Program Files\Git\mingw64\bin;C:\Program Files\Git\usr\bin;C:\Users\kenyi\bin;C:\Program Files\Common Files\Oracle\Java\javapath;C:\Program Files (x86)\VMware\VMware Player\bin\;C:\Windows\system32;C:\Windows;C:\Windows\System32\Wbem;C:\Windows\System32\WindowsPowerShell\v1.0\;C:\Windows\System32\OpenSSH\;C:\Program Files\Git\cmd;C:\xampp\php;C:\ProgramData\ComposerSetup\bin;C:\Program Files\nodejs\;C:\php-8.3.9;C:\Program Files\MariaDB 11.4\bin;C:\php-8.3.9\php.ini;C:\Program Files\Git\usr\ssl\openssl.cnf;C:\Users\kenyi\AppData\Local\Programs\Python\Python312\Scripts\;C:\Users\kenyi\AppData\Local\Programs\Python\Python312\;C:\Users\kenyi\AppData\Local\Programs\Python\Python312\Scripts\;C:\Users\kenyi\AppData\Local\Programs\Python\Python312\;C:\Users\kenyi\AppData\Local\Microsoft\WindowsApps;C:\Users\kenyi\AppData\Local\Programs\Microsoft VS Code\bin;C:\Users\kenyi\AppData\Roaming\Composer\vendor\bin;C:\Users\kenyi\AppData\Roaming\npm;C:\Program Files\MariaDB 10.11\bin;C:\Program Files\Git\usr\ssl\openssl.cnf;C:\Users\kenyi\AppData\Local\Google\Cloud SDK\google-cloud-sdk\bin
USERNAME=kenyi
DISPLAY=:0.0
LC_ALL=en_US.UTF-8
TERM=xterm-256color
TMPDIR=C:\Users\kenyi\AppData\Local\Temp
OS=Windows_NT
PROCESSOR_IDENTIFIER=AMD64 Family 23 Model 104 Stepping 1, AuthenticAMD
TMP=C:\Users\kenyi\AppData\Local\Temp
TEMP=C:\Users\kenyi\AppData\Local\Temp



Periodic native trim disabled

JNI global refs:
JNI global refs: 8, weak refs: 0

JNI global refs memory usage: 843, weak refs: 209

Process memory usage:
Resident Set Size: 35932K (0% of 6133240K total physical memory with 115388K free physical memory)

OOME stack traces (most recent first):
Classloader memory used:
Loader bootstrap                                                                       : 806K
Loader jdk.internal.loader.ClassLoaders$AppClassLoader                                 : 1808B


---------------  S Y S T E M  ---------------

OS:
 Windows 11 , 64 bit Build 22621 (10.0.22621.3958)
OS uptime: 0 days 17:45 hours
Hyper-V role detected

CPU: total 12 (initial active 12) (12 cores per cpu, 2 threads per core) family 23 model 104 stepping 1 microcode 0x0, cx8, cmov, fxsr, ht, mmx, 3dnowpref, sse, sse2, sse3, ssse3, sse4a, sse4.1, sse4.2, popcnt, lzcnt, tsc, tscinvbit, avx, avx2, aes, clmul, bmi1, bmi2, adx, sha, fma, vzeroupper, clflush, clflushopt, hv
Processor Information for all 12 processors :
  Max Mhz: 2100, Current Mhz: 2100, Mhz Limit: 2100

Memory: 4k page, system-wide physical 5989M (112M free)
TotalPageFile size 24421M (AvailPageFile size 1M)
current process WorkingSet (physical memory assigned to process): 35M, peak: 35M
current process commit charge ("private bytes"): 174M, peak: 175M

vm_info: OpenJDK 64-Bit Server VM (17.0.11+0--11852314) for windows-amd64 JRE (17.0.11+0--11852314), built on May 16 2024 21:29:20 by "androidbuild" with MS VC++ 16.10 / 16.11 (VS2019)

END.
